C51 COMPILER V9.02   PWMBREATHING                                                          05/10/2019 09:14:22 PAGE 1   


C51 COMPILER V9.02, COMPILATION OF MODULE PWMBREATHING
OBJECT MODULE PLACED IN PWMbreathing.OBJ
COMPILER INVOKED BY: C:\Keil\C51\BIN\C51.EXE PWMbreathing.c BROWSE DEBUG OBJECTEXTEND

line level    source

   1          #include <reg52.h>
   2          
   3          sbit PWMOUT=P0^0;
   4          sbit ADDR0=P1^0;
   5          sbit ADDR1=P1^1;
   6          sbit ADDR2=P1^2;
   7          sbit ADDR3=P1^3;
   8          sbit ENLED=P1^4;
   9          
  10          unsigned long PeriodCnt=0;
  11          unsigned char HighRH=0;
  12          unsigned char HighRL=0;
  13          unsigned char LowRH=0;
  14          unsigned char LowRL=0;
  15          unsigned char T1RH=0;
  16          unsigned char T1RL=0;
  17          
  18          void ConfigTimer1(unsigned int ms);
  19          void ConfigPWM(unsigned int fr,unsigned char dc);
  20          
  21          void main(){
  22   1              EA=1;
  23   1              ENLED=0;
  24   1              ADDR3=1;
  25   1              ADDR2=1;
  26   1              ADDR1=1;
  27   1              ADDR0=0;
  28   1      
  29   1              ConfigPWM(100,10);
  30   1              ConfigTimer1(50);
  31   1              while(1);
  32   1      }
  33          
  34          void ConfigTimer1(unsigned int ms){
  35   1              unsigned long tmp;
  36   1              
  37   1              tmp=1105900/12;
  38   1              tmp=(tmp*ms)/1000;
  39   1              tmp=65536-tmp;
  40   1              tmp=tmp+12;
  41   1              T1RH=(unsigned char)(tmp>>8);
  42   1              T1RL=(unsigned char)tmp;
  43   1              TMOD&=0x0F;
  44   1              TMOD|=0x10;
  45   1              TH1=T1RH;
  46   1              TL1=T1RL;
  47   1              ET1=1;
  48   1              TR1=1;
  49   1      }
  50          
  51          void ConfigPWM(unsigned int fr,unsigned char dc){
  52   1              unsigned int high,low;
  53   1              PeriodCnt=(11059200/12)/fr;
  54   1              high = (PeriodCnt*dc)/100;
  55   1              low= PeriodCnt - high;
C51 COMPILER V9.02   PWMBREATHING                                                          05/10/2019 09:14:22 PAGE 2   

  56   1              high=65536-high+12;
  57   1              low=65536 -low +12;
  58   1              HighRH=(unsigned char)(high>>8);
  59   1              HighRL=(unsigned char)high;
  60   1              LowRH=(unsigned char)(low>>8);
  61   1              LowRL=(unsigned char)low;
  62   1              TMOD&=0xF0;
  63   1              TMOD|=0x01;
  64   1              TH0=HighRH;
  65   1              TL0=HighRL;
  66   1              ET0=1;
  67   1              TR0=1;
  68   1              PWMOUT=1;
  69   1      }
  70          
  71          void AdjustDutyCycle(unsigned char dc){
  72   1              unsigned int high,low;
  73   1      
  74   1              high=(PeriodCnt*dc)/100;
  75   1              low= PeriodCnt-high;
  76   1              high=65536-high+12;
  77   1              low=65536-low+12;
  78   1              HighRH=(unsigned char)(high>>8);
  79   1              HighRL=(unsigned char)high;
  80   1              LowRH=(unsigned char)(low>>8);
  81   1              LowRL=(unsigned char)low;
  82   1      
  83   1      }
  84          
  85          void InterruptTimer0() interrupt 1{
  86   1              if (PWMOUT==1){
  87   2                      TH0=LowRH;
  88   2                      TL0=LowRL;
  89   2                      PWMOUT=0;
  90   2              }else{
  91   2                      TH0=HighRH;
  92   2                      TL0=HighRL;
  93   2                      PWMOUT=1;
  94   2              }
  95   1      }
  96          
  97          void InterruptTimer1() interrupt 3{
  98   1              static bit dir=0;
  99   1          static unsigned char index=0;
 100   1          unsigned char code table[13]={
 101   1                  5,18,30,41,51,60,68,75,81,86,90,93,95};
 102   1      
 103   1          TH1=T1RH;
 104   1          TL1=T1RL;
 105   1          AdjustDutyCycle(table[index]);
 106   1              if (dir==0){
 107   2                  index++;
 108   2                  if (index>=12){
 109   3                           dir=1;
 110   3                   }
 111   2              }else{
 112   2                      index--;
 113   2                      if (index==0){
 114   3                              dir=0;
 115   3                      }
 116   2              }
 117   1      }       
C51 COMPILER V9.02   PWMBREATHING                                                          05/10/2019 09:14:22 PAGE 3   

 118          
 119          
 120          
 121          
 122          


MODULE INFORMATION:   STATIC OVERLAYABLE
   CODE SIZE        =    437    ----
   CONSTANT SIZE    =     13    ----
   XDATA SIZE       =   ----    ----
   PDATA SIZE       =   ----    ----
   DATA SIZE        =     11       5
   IDATA SIZE       =   ----    ----
   BIT SIZE         =      1    ----
END OF MODULE INFORMATION.


C51 COMPILATION COMPLETE.  0 WARNING(S),  0 ERROR(S)
