C51 COMPILER V9.02   INTERRUPTC                                                            02/08/2019 00:54:35 PAGE 1   


C51 COMPILER V9.02, COMPILATION OF MODULE INTERRUPTC
OBJECT MODULE PLACED IN interruptC.OBJ
COMPILER INVOKED BY: C:\Keil\C51\BIN\C51.EXE interruptC.c BROWSE DEBUG OBJECTEXTEND

line level    source

   1          #include <reg52.h>
   2          
   3          sbit ADDR0=P1^0;
   4          sbit ADDR1=P1^1;
   5          sbit ADDR2=P1^2;
   6          sbit ADDR3=P1^3;
   7          sbit ENLED=P1^4;
   8          
   9          unsigned char code LedChar[]={
  10                  0xC0, 0xF9, 0xA4, 0xB0, 0x99, 0x92, 0x82, 0xF8,
  11                  0x80, 0x90, 0x88, 0x83, 0xC6, 0xA1, 0x86, 0x8E
  12                  };
  13          
  14          unsigned char LedBuff[6] ={
  15                  0xFF,0xFF,0xFF,0xFF,0xFF,0xFF
  16          };
  17          
  18          unsigned char i=0;
  19          unsigned int cnt =0;
  20          unsigned char flag1s=0;
  21          
  22          void main(){
  23   1              unsigned long sec=0;
  24   1              
  25   1              EA=1;
  26   1              ENLED=0;
  27   1              ADDR3=1;
  28   1              TMOD=0x01;
  29   1              TH0=0xFC;
  30   1              TL0=0x67;
  31   1              ET0=1;
  32   1              TR0=1;
  33   1      
  34   1              while (1){
  35   2                      if (flag1s==1){
  36   3                              flag1s=0;
  37   3                              sec++;
  38   3      
  39   3                              LedBuff[0]=LedChar[sec%10];
  40   3                              LedBuff[1]=LedChar[sec/10%10];
  41   3                              LedBuff[2]=LedChar[sec/100%10];
  42   3                              LedBuff[3]=LedChar[sec/1000%10];
  43   3                              LedBuff[4]=LedChar[sec/10000%10];
  44   3                              LedBuff[5]=LedChar[sec/100000%10];
  45   3                      }
  46   2              }
  47   1      }
  48          
  49          void InterruptTimer0() interrupt 1{
  50   1              TH0=0xFC;
  51   1              TL0=0x67;
  52   1              cnt++;
  53   1              if (cnt>=1000){
  54   2                      cnt=0;
  55   2                      flag1s=1;
C51 COMPILER V9.02   INTERRUPTC                                                            02/08/2019 00:54:35 PAGE 2   

  56   2              }
  57   1              P0=0xFF;
  58   1              switch(i){
  59   2                      case 0: ADDR2=0; ADDR1=0; ADDR0=0; i++; P0=LedBuff[0]; break;
  60   2                      case 1: ADDR2=0; ADDR1=0; ADDR0=1; i++; P0=LedBuff[1]; break;
  61   2                      case 2: ADDR2=0; ADDR1=1; ADDR0=0; i++; P0=LedBuff[2]; break;
  62   2                      case 3: ADDR2=0; ADDR1=1; ADDR0=1; i++; P0=LedBuff[3]; break;
  63   2                      case 4: ADDR2=1; ADDR1=0; ADDR0=0; i++; P0=LedBuff[4]; break;
  64   2                      case 5: ADDR2=1; ADDR1=0; ADDR0=1; i=0; P0=LedBuff[5]; break;
  65   2                      default: break;
  66   2                              }
  67   1      
  68   1      }


MODULE INFORMATION:   STATIC OVERLAYABLE
   CODE SIZE        =    437    ----
   CONSTANT SIZE    =     16    ----
   XDATA SIZE       =   ----    ----
   PDATA SIZE       =   ----    ----
   DATA SIZE        =     10       4
   IDATA SIZE       =   ----    ----
   BIT SIZE         =   ----    ----
END OF MODULE INFORMATION.


C51 COMPILATION COMPLETE.  0 WARNING(S),  0 ERROR(S)
