C51 COMPILER V9.02   LEDMATRIX                                                             02/14/2019 00:44:05 PAGE 1   


C51 COMPILER V9.02, COMPILATION OF MODULE LEDMATRIX
OBJECT MODULE PLACED IN ledMatrix.OBJ
COMPILER INVOKED BY: C:\Keil\C51\BIN\C51.EXE ledMatrix.c BROWSE DEBUG OBJECTEXTEND

line level    source

   1          #include <reg52.h>
   2          
   3          sbit ADDR0=P1^0;
   4          sbit ADDR1=P1^1;
   5          sbit ADDR2=P1^2;
   6          sbit ADDR3=P1^3;
   7          sbit ENLED=P1^4;
   8          
   9          unsigned char code LedChar[30][8]={
  10                  {0xFF,0xFF,0xFF,0xFF,0xFF,0xFF,0xFF,0xFF},  //¶¯»­Ö¡1
  11              {0xFF,0x7F,0xFF,0xFF,0xFF,0xFF,0xFF,0x7F},  //¶¯»­Ö¡2
  12              {0xFF,0x3F,0x7F,0x7F,0x7F,0x7F,0x7F,0x3F},  //¶¯»­Ö¡3
  13              {0xFF,0x1F,0x3F,0x3F,0x3F,0x3F,0x3F,0x1F},  //¶¯»­Ö¡4
  14              {0xFF,0x0F,0x9F,0x9F,0x9F,0x9F,0x9F,0x0F},  //¶¯»­Ö¡5
  15              {0xFF,0x87,0xCF,0xCF,0xCF,0xCF,0xCF,0x87},  //¶¯»­Ö¡6
  16              {0xFF,0xC3,0xE7,0xE7,0xE7,0xE7,0xE7,0xC3},  //¶¯»­Ö¡7
  17              {0xFF,0xE1,0x73,0x73,0x73,0xF3,0xF3,0xE1},  //¶¯»­Ö¡8
  18              {0xFF,0x70,0x39,0x39,0x39,0x79,0xF9,0xF0},  //¶¯»­Ö¡9
  19              {0xFF,0x38,0x1C,0x1C,0x1C,0x3C,0x7C,0xF8},  //¶¯»­Ö¡10
  20              {0xFF,0x9C,0x0E,0x0E,0x0E,0x1E,0x3E,0x7C},  //¶¯»­Ö¡11
  21              {0xFF,0xCE,0x07,0x07,0x07,0x0F,0x1F,0x3E},  //¶¯»­Ö¡12
  22              {0xFF,0x67,0x03,0x03,0x03,0x07,0x0F,0x9F},  //¶¯»­Ö¡13
  23              {0xFF,0x33,0x01,0x01,0x01,0x03,0x87,0xCF},  //¶¯»­Ö¡14
  24              {0xFF,0x99,0x00,0x00,0x00,0x81,0xC3,0xE7},  //¶¯»­Ö¡15
  25              {0xFF,0xCC,0x80,0x80,0x80,0xC0,0xE1,0xF3},  //¶¯»­Ö¡16
  26              {0xFF,0xE6,0xC0,0xC0,0xC0,0xE0,0xF0,0xF9},  //¶¯»­Ö¡17
  27              {0xFF,0x73,0x60,0x60,0x60,0x70,0x78,0xFC},  //¶¯»­Ö¡18
  28              {0xFF,0x39,0x30,0x30,0x30,0x38,0x3C,0x7E},  //¶¯»­Ö¡19
  29              {0xFF,0x9C,0x98,0x98,0x98,0x9C,0x1E,0x3F},  //¶¯»­Ö¡20
  30              {0xFF,0xCE,0xCC,0xCC,0xCC,0xCE,0x0F,0x1F},  //¶¯»­Ö¡21
  31              {0xFF,0x67,0x66,0x66,0x66,0x67,0x07,0x0F},  //¶¯»­Ö¡22
  32              {0xFF,0x33,0x33,0x33,0x33,0x33,0x03,0x87},  //¶¯»­Ö¡23
  33              {0xFF,0x99,0x99,0x99,0x99,0x99,0x81,0xC3},  //¶¯»­Ö¡24
  34              {0xFF,0xCC,0xCC,0xCC,0xCC,0xCC,0xC0,0xE1},  //¶¯»­Ö¡25
  35              {0xFF,0xE6,0xE6,0xE6,0xE6,0xE6,0xE0,0xF0},  //¶¯»­Ö¡26
  36              {0xFF,0xF3,0xF3,0xF3,0xF3,0xF3,0xF0,0xF8},  //¶¯»­Ö¡27
  37              {0xFF,0xF9,0xF9,0xF9,0xF9,0xF9,0xF8,0xFC},  //¶¯»­Ö¡28
  38              {0xFF,0xFC,0xFC,0xFC,0xFC,0xFC,0xFC,0xFE},  //¶¯»­Ö¡29
  39              {0xFF,0xFE,0xFE,0xFE,0xFE,0xFE,0xFE,0xFF}   //¶¯»­Ö¡30
  40          
  41          
  42          };
  43          
  44          void main(){
  45   1              EA=1;
  46   1              ADDR3=0;
  47   1              ENLED=0;
  48   1              TMOD=0x01;
  49   1              TH0=0xFC;
  50   1              TL0=0x67;
  51   1              TR0=1;
  52   1              ET0=1;
  53   1      
  54   1              while(1);
  55   1      }
C51 COMPILER V9.02   LEDMATRIX                                                             02/14/2019 00:44:05 PAGE 2   

  56          
  57          void interruptTimer0() interrupt 1{
  58   1              static unsigned char i=0;
  59   1              static unsigned char index=29;
  60   1              static unsigned char tmr=0;
  61   1              TH0=0xFC;
  62   1              TL0=0x67;
  63   1              
  64   1              P0=0xFF;
  65   1              switch(i){
  66   2                      case 0: ADDR2=0;ADDR1=0;ADDR0=0; i++; P0=LedChar[index][0];break;
  67   2                      case 1: ADDR2=0;ADDR1=0;ADDR0=1; i++; P0=LedChar[index][1];break;
  68   2                      case 2: ADDR2=0;ADDR1=1;ADDR0=0; i++; P0=LedChar[index][2];break;
  69   2                      case 3: ADDR2=0;ADDR1=1;ADDR0=1; i++; P0=LedChar[index][3];break;
  70   2                      case 4: ADDR2=1;ADDR1=0;ADDR0=0; i++; P0=LedChar[index][4];break;
  71   2                      case 5: ADDR2=1;ADDR1=0;ADDR0=1; i++; P0=LedChar[index][5];break;
  72   2                      case 6: ADDR2=1;ADDR1=1;ADDR0=0; i++; P0=LedChar[index][6];break;
  73   2                      case 7: ADDR2=1;ADDR1=1;ADDR0=1; i=0; P0=LedChar[index][7];break;
  74   2      
  75   2              }
  76   1      
  77   1              tmr++;
  78   1              if (tmr>=150){
  79   2                      tmr=0;
  80   2                      if (index>0){
  81   3                              index--;
  82   3                      }else{
  83   3                              index=29;
  84   3                      }
  85   2              }
  86   1      
  87   1      }


MODULE INFORMATION:   STATIC OVERLAYABLE
   CODE SIZE        =    316    ----
   CONSTANT SIZE    =    240    ----
   XDATA SIZE       =   ----    ----
   PDATA SIZE       =   ----    ----
   DATA SIZE        =      3    ----
   IDATA SIZE       =   ----    ----
   BIT SIZE         =   ----    ----
END OF MODULE INFORMATION.


C51 COMPILATION COMPLETE.  0 WARNING(S),  0 ERROR(S)
