C51 COMPILER V9.02   NEWPART                                                               01/08/2019 04:03:48 PAGE 1   


C51 COMPILER V9.02, COMPILATION OF MODULE NEWPART
OBJECT MODULE PLACED IN newPart.OBJ
COMPILER INVOKED BY: C:\Keil\C51\BIN\C51.EXE newPart.c BROWSE DEBUG OBJECTEXTEND

line level    source

   1          #include<reg52.h>
   2          
   3          //sbit LED=P0^0;
   4          sbit ADDR0=P1^0;
   5          sbit ADDR1=P1^1;
   6          sbit ADDR2=P1^2;
   7          sbit ADDR3=P1^3;
   8          sbit ENLED=P1^4;
   9          
  10          void main()
  11          {
  12   1              unsigned int i=0;
  13   1              unsigned char dir=0;
  14   1              unsigned char shift=0x01;
  15   1              ENLED=0;
  16   1              ADDR3=1;
  17   1              ADDR2=1;
  18   1              ADDR1=1;
  19   1              ADDR0=0;
  20   1      //      LED=0;
  21   1      
  22   1              while(1)
  23   1              {
  24   2                      P0=~shift;
  25   2                      for (i=0;i<30000;i++);
  26   2                      if (dir==0){
  27   3                              shift=shift<<1;
  28   3                              if (shift==0x80){
  29   4                                      dir=1;
  30   4                              }
  31   3                      }else{
  32   3                              shift=shift>>1;
  33   3                              if (shift==0x01){
  34   4                                      dir=0;
  35   4                              }
  36   3                      }       
  37   2              }
  38   1      }


MODULE INFORMATION:   STATIC OVERLAYABLE
   CODE SIZE        =     57    ----
   CONSTANT SIZE    =   ----    ----
   XDATA SIZE       =   ----    ----
   PDATA SIZE       =   ----    ----
   DATA SIZE        =   ----    ----
   IDATA SIZE       =   ----    ----
   BIT SIZE         =   ----    ----
END OF MODULE INFORMATION.


C51 COMPILATION COMPLETE.  0 WARNING(S),  0 ERROR(S)
