C51 COMPILER V9.02   CLOCKADD                                                              02/04/2019 02:58:01 PAGE 1   


C51 COMPILER V9.02, COMPILATION OF MODULE CLOCKADD
OBJECT MODULE PLACED IN clockAdd.OBJ
COMPILER INVOKED BY: C:\Keil\C51\BIN\C51.EXE clockAdd.c BROWSE DEBUG OBJECTEXTEND

line level    source

   1          #include <reg52.h>
   2          
   3          sbit ADDR0=P1^0;
   4          sbit ADDR1=P1^1;
   5          sbit ADDR2=P1^2;
   6          sbit ADDR3=P1^3;
   7          sbit ENLED=P1^4;
   8          
   9          unsigned char code LedChar[]={
  10                  0xC0, 0xF9, 0xA4, 0xB0, 0x99, 0x92, 0x82, 0xF8,
  11                  0x80, 0x90, 0x88, 0x83, 0xC6, 0xA1, 0x86, 0x8E
  12                  };
  13          
  14          unsigned char LedBuff[6] ={
  15                  0xFF,0xFF,0xFF,0xFF,0xFF,0xFF
  16          };
  17          
  18          void main(){
  19   1              unsigned char i=0;
  20   1              unsigned int cnt=0;
  21   1              unsigned long sec=0;
  22   1              
  23   1              ENLED=0;
  24   1              ADDR3=1;
  25   1              TMOD=0x01;
  26   1              TH0=0xFC;
  27   1              TL0=0x67;
  28   1              TR0=1;
  29   1              
  30   1              while (1){
  31   2                      if (TF0==1){
  32   3                              TF0=0;
  33   3                              TH0=0xFC;
  34   3                              TL0=0x67;
  35   3                              cnt++;
  36   3                              if (cnt>=1000){
  37   4                                      cnt=0;
  38   4                                      sec++;
  39   4                                      LedBuff[0]=LedChar[sec%10];
  40   4                                      LedBuff[1]=LedChar[sec/10%10];
  41   4                                      LedBuff[2]=LedChar[sec/100%10];
  42   4                                      LedBuff[3]=LedChar[sec/1000%10];
  43   4                                      LedBuff[4]=LedChar[sec/10000%10];
  44   4                                      LedBuff[5]=LedChar[sec/100000%10];
  45   4                              }
  46   3                              P0=0xFF;
  47   3                              switch(i){
  48   4                                      case 0: ADDR2=0; ADDR1=0; ADDR0=0; i++; P0=LedBuff[0]; break;
  49   4                                      case 1: ADDR2=0; ADDR1=0; ADDR0=1; i++; P0=LedBuff[1]; break;
  50   4                                      case 2: ADDR2=0; ADDR1=1; ADDR0=0; i++; P0=LedBuff[2]; break;
  51   4                                      case 3: ADDR2=0; ADDR1=1; ADDR0=1; i++; P0=LedBuff[3]; break;
  52   4                                      case 4: ADDR2=1; ADDR1=0; ADDR0=0; i++; P0=LedBuff[4]; break;
  53   4                                      case 5: ADDR2=1; ADDR1=0; ADDR0=1; i=0; P0=LedBuff[5]; break;
  54   4                                      default: break;
  55   4                              }
C51 COMPILER V9.02   CLOCKADD                                                              02/04/2019 02:58:01 PAGE 2   

  56   3                      }
  57   2              }       
  58   1      
  59   1      }


MODULE INFORMATION:   STATIC OVERLAYABLE
   CODE SIZE        =    434    ----
   CONSTANT SIZE    =     16    ----
   XDATA SIZE       =   ----    ----
   PDATA SIZE       =   ----    ----
   DATA SIZE        =      6       7
   IDATA SIZE       =   ----    ----
   BIT SIZE         =   ----    ----
END OF MODULE INFORMATION.


C51 COMPILATION COMPLETE.  0 WARNING(S),  0 ERROR(S)
