C51 COMPILER V9.02   INTERRUPT                                                             02/03/2019 23:13:57 PAGE 1   


C51 COMPILER V9.02, COMPILATION OF MODULE INTERRUPT
OBJECT MODULE PLACED IN interrupt.OBJ
COMPILER INVOKED BY: C:\Keil\C51\BIN\C51.EXE interrupt.c BROWSE DEBUG OBJECTEXTEND

line level    source

   1          #include <reg52.h>
   2          
   3          sbit ADDR0=P1^0;
   4          sbit ADDR1=P1^1;
   5          sbit ADDR2=P1^2;
   6          sbit ADDR3=P1^3;
   7          sbit ENLED=P1^4;
   8          
   9          unsigned char code LedChar[]={
  10                  0xC0, 0xF9, 0xA4, 0xB0, 0x99, 0x92, 0x82, 0xF8,
  11                  0x80, 0x90, 0x88, 0x83, 0xC6, 0xA1, 0x86, 0x8E
  12                  };
  13          
  14          unsigned char code RegList[6][3]={
  15                  {0,0,0}, {0,0,1}, {0,1,0}, {0,1,1}, {1,0,0}, {1,0,1}
  16                  };
  17          
  18          void main(){
  19   1              
  20   1              unsigned char cnt=0;
  21   1              unsigned char index=0;
  22   1              unsigned char first=0;
  23   1              unsigned int i=0;
  24   1      
  25   1              ENLED=0;
  26   1              ADDR3=1;
  27   1              ADDR2=RegList[0][0];
  28   1              ADDR1=RegList[0][1];
  29   1              ADDR0=RegList[0][2];
  30   1              TMOD=0x01;
  31   1              TH0=0xFC;
  32   1              TL0=0x66;
  33   1              TR0=1;
  34   1      
  35   1              while (1){
  36   2                      while (TF0==0); // do nothing when TF0 is 0;
  37   2                      TF0=0;
  38   2                      TH0=0xFC;
  39   2                      TL0=0x66;
  40   2                      ADDR2=RegList[first][0];
  41   2                      ADDR1=RegList[first][1];
  42   2                      ADDR0=RegList[first][2];
  43   2                      P0=LedChar[index];
  44   2                      first++;
  45   2                      if (first>=6){
  46   3                              first=0;
  47   3                              cnt++;
  48   3                              if (cnt >= 166){
  49   4                                      cnt=0;
  50   4                                      P0=0xFF;
  51   4                                      for (i=0;i<=30000;i++);
  52   4                                      index++;
  53   4                                      if (index>=16){
  54   5                                              index=0;
  55   5                                      }
C51 COMPILER V9.02   INTERRUPT                                                             02/03/2019 23:13:57 PAGE 2   

  56   4                              }
  57   3                      }
  58   2              }
  59   1      
  60   1      }
  61          


MODULE INFORMATION:   STATIC OVERLAYABLE
   CODE SIZE        =    165    ----
   CONSTANT SIZE    =     34    ----
   XDATA SIZE       =   ----    ----
   PDATA SIZE       =   ----    ----
   DATA SIZE        =   ----    ----
   IDATA SIZE       =   ----    ----
   BIT SIZE         =   ----    ----
END OF MODULE INFORMATION.


C51 COMPILATION COMPLETE.  0 WARNING(S),  0 ERROR(S)
