C51 COMPILER V9.02   STOPWATCH                                                             05/03/2019 15:45:21 PAGE 1   


C51 COMPILER V9.02, COMPILATION OF MODULE STOPWATCH
OBJECT MODULE PLACED IN stopWatch.OBJ
COMPILER INVOKED BY: C:\Keil\C51\BIN\C51.EXE stopWatch.c BROWSE DEBUG OBJECTEXTEND

line level    source

   1          #include <reg52.h>
   2          
   3          sbit ADDR3=P1^3;
   4          sbit ENLED=P1^4;
   5          sbit KEY1=P2^4;
   6          sbit KEY2=P2^5;
   7          sbit KEY3=P2^6;
   8          sbit KEY4=P2^7;
   9          
  10          unsigned char code LedChar[]={
  11                  0xC0,0xF9,0xA4,0xB0,0x99,0x92,0x82,0xF8,
  12                  0x80,0x90,0x88,0x83,0xC6,0xA1,0x86,0x8E
  13          };
  14          
  15          unsigned char LedBuff[6]={
  16                  0xFF,0xFF,0xFF,0xFF,0xFF,0xFF
  17          };
  18          
  19          unsigned char KeySta[4]={
  20                  1,1,1,1
  21          };
  22          
  23          bit StopwatchRunning =0;
  24          bit StopwatchRefresh=1;
  25          unsigned char DecimalPart=0;
  26          unsigned int IntegerPart=0;
  27          unsigned char T0RH=0;
  28          unsigned char T0RL=0;
  29          
  30          void ConfigTimer0(unsigned int ms);
  31          void StopwatchDisplay();
  32          void KeyDriver();
  33          
  34          void main(){
  35   1              EA=1;
  36   1              ENLED=0;
  37   1              ADDR3=1;
  38   1              P2=0xFE;
  39   1              ConfigTimer0(2);
  40   1      
  41   1              while(1){
  42   2                      if (StopwatchRefresh){
  43   3                              StopwatchRefresh=0;
  44   3                              StopwatchDisplay();
  45   3                      }
  46   2                      KeyDriver();
  47   2              }
  48   1      }
  49          
  50          void ConfigTimer0(unsigned int ms){
  51   1              unsigned long tmp;
  52   1      
  53   1              tmp=11059200/12;
  54   1              tmp=(tmp*ms)/1000;
  55   1              tmp=65536-tmp;
C51 COMPILER V9.02   STOPWATCH                                                             05/03/2019 15:45:21 PAGE 2   

  56   1              tmp=tmp+18;
  57   1              T0RH=(unsigned char)(tmp>>8);
  58   1              T0RL=(unsigned char)tmp;
  59   1      
  60   1              TMOD&=0xF0;
  61   1              TMOD|=0x01;
  62   1              TH0=T0RH;
  63   1              TL0=T0RL;
  64   1              ET0=1;
  65   1              TR0=1;
  66   1      }
  67          
  68          void StopwatchDisplay(){
  69   1              signed char i;
  70   1              unsigned char buf[4];
  71   1      
  72   1              LedBuff[0]=LedChar[DecimalPart%10];
  73   1              LedBuff[1]=LedChar[DecimalPart/10];
  74   1              buf[0]=IntegerPart%10;
  75   1              buf[1]=(IntegerPart/10)%10;
  76   1              buf[2]=(IntegerPart/100)%10;
  77   1              buf[3]=(IntegerPart/1000)%10;
  78   1              for (i=3;i>=1;i--){
  79   2                      if (buf[i]==0){
  80   3                              LedBuff[i+2]=0xFF;
  81   3                      }else{
  82   3                              break;
  83   3                      }
  84   2              }
  85   1              for (;i>=0;i--){
  86   2                      LedBuff[i+2]=LedChar[buf[i]];
  87   2              }
  88   1              LedBuff[2]&=0x7F;
  89   1      }
  90          
  91          void StopwatchAction(){
  92   1              if (StopwatchRunning)
  93   1                      StopwatchRunning=0;
  94   1              else
  95   1                      StopwatchRunning=1;
  96   1      }
  97          
  98          void StopwatchReset(){
  99   1              StopwatchRunning=0;
 100   1              DecimalPart=0;
 101   1              IntegerPart=0;
 102   1              StopwatchRefresh=1;
 103   1      }
 104          
 105          void KeyDriver(){
 106   1              unsigned char i;
 107   1              static unsigned char backup[4]={1,1,1,1};
 108   1      
 109   1              for (i=0;i<4;i++){
 110   2                      if (backup[i] != KeySta[i]){
 111   3                              if (backup[i]!=0){
 112   4                                      if (i==1){
 113   5                                              StopwatchReset();
 114   5                                      }else if (i==2){
 115   5                                              StopwatchAction();
 116   5                                      }       
 117   4                              }
C51 COMPILER V9.02   STOPWATCH                                                             05/03/2019 15:45:21 PAGE 3   

 118   3                              backup[i]=KeySta[i];
 119   3                      }
 120   2              }
 121   1      }
 122          
 123          void KeyScan(){
 124   1              unsigned char i;
 125   1              static unsigned char keybuf[4]={
 126   1                      0xFF,0xFF,0xFF,0xFF
 127   1              };
 128   1      
 129   1              keybuf[0]=(keybuf[0]<<1) | KEY1;
 130   1              keybuf[1]=(keybuf[1]<<1) | KEY2;
 131   1              keybuf[2]=(keybuf[2]<<1) | KEY3;
 132   1              keybuf[3]=(keybuf[3]<<1) | KEY4;
 133   1      
 134   1              for (i=0;i<4;i++){
 135   2                      if (keybuf[i]==0x00){
 136   3                              KeySta[i]=0;
 137   3                      } else if (keybuf[i]==0xFF){
 138   3                              KeySta[i]=1;
 139   3                      }
 140   2              }
 141   1      }
 142          
 143          void LedScan(){
 144   1              static unsigned char i =0;
 145   1              P0=0xFF;
 146   1              P1=(P1 & 0xF8) | i;
 147   1              P0=LedBuff[i];
 148   1              if (i<5)
 149   1                      i++;
 150   1              else
 151   1                      i=0;
 152   1      }
 153          
 154          void StopwatchCount(){
 155   1              if (StopwatchRunning){
 156   2                      DecimalPart++;
 157   2                      if (DecimalPart>=100){
 158   3                              DecimalPart=0;
 159   3                              IntegerPart++;
 160   3                              if (IntegerPart>=10000){
 161   4                                      IntegerPart=0;
 162   4                              }
 163   3                      }
 164   2                      StopwatchRefresh=1;
 165   2              }
 166   1      }
 167          
 168          void InterruptTimer0() interrupt 1{
 169   1              static unsigned char tmr10ms=0;
 170   1              TH0=T0RH;
 171   1              TL0=T0RL;
 172   1              LedScan();
 173   1              KeyScan();
 174   1              tmr10ms++;
 175   1              if (tmr10ms>=5){
 176   2                      tmr10ms=0;
 177   2                      StopwatchCount();
 178   2              }
 179   1      }
C51 COMPILER V9.02   STOPWATCH                                                             05/03/2019 15:45:21 PAGE 4   



MODULE INFORMATION:   STATIC OVERLAYABLE
   CODE SIZE        =    570    ----
   CONSTANT SIZE    =     16    ----
   XDATA SIZE       =   ----    ----
   PDATA SIZE       =   ----    ----
   DATA SIZE        =     25       8
   IDATA SIZE       =   ----    ----
   BIT SIZE         =      2    ----
END OF MODULE INFORMATION.


C51 COMPILATION COMPLETE.  0 WARNING(S),  0 ERROR(S)
