C51 COMPILER V9.02   MOTOR                                                                 03/27/2019 02:19:38 PAGE 1   


C51 COMPILER V9.02, COMPILATION OF MODULE MOTOR
OBJECT MODULE PLACED IN motor.OBJ
COMPILER INVOKED BY: C:\Keil\C51\BIN\C51.EXE motor.c BROWSE DEBUG OBJECTEXTEND

line level    source

   1          #include <reg52.h>
   2          
   3          void TrunMotor(unsigned long angle); 
   4          
   5          void main(){
   6   1              
   7   1              TrunMotor(360*25);
   8   1              while(1);
   9   1                      
  10   1      }
  11          
  12          void delay(){
  13   1              unsigned int i=200;
  14   1              while (i--);
  15   1      }
  16          
  17          void TrunMotor(unsigned long angle){
  18   1              unsigned char tmp;
  19   1              unsigned char index=0;
  20   1              unsigned long beats=0;
  21   1              unsigned char code BeatCode[8]={
  22   1                      0x0E,0x0C,0x0D,0x09,0x0B,0x03,0x07,0x06
  23   1              };
  24   1      
  25   1              beats=(angle*4076)/360;
  26   1              while (beats--){
  27   2                      tmp=P1;
  28   2                      tmp=tmp & 0xF0;
  29   2                      tmp=tmp | BeatCode[index];
  30   2                      P1=tmp;
  31   2                      index++;
  32   2                      index=index & 0x07;
  33   2                      delay();
  34   2              }
  35   1      }


MODULE INFORMATION:   STATIC OVERLAYABLE
   CODE SIZE        =    121    ----
   CONSTANT SIZE    =      8    ----
   XDATA SIZE       =   ----    ----
   PDATA SIZE       =   ----    ----
   DATA SIZE        =   ----       9
   IDATA SIZE       =   ----    ----
   BIT SIZE         =   ----    ----
END OF MODULE INFORMATION.


C51 COMPILATION COMPLETE.  0 WARNING(S),  0 ERROR(S)
