C51 COMPILER V9.02   BUTTONS_1                                                             03/09/2019 18:50:43 PAGE 1   


C51 COMPILER V9.02, COMPILATION OF MODULE BUTTONS_1
OBJECT MODULE PLACED IN buttons_1.OBJ
COMPILER INVOKED BY: C:\Keil\C51\BIN\C51.EXE buttons_1.c BROWSE DEBUG OBJECTEXTEND

line level    source

   1          #include <reg52.h>
   2          
   3          sbit ADDR0=P1^0;
   4          sbit ADDR1=P1^1;
   5          sbit ADDR2=P1^2;
   6          sbit ADDR3=P1^3;
   7          sbit ENLED=P1^4;
   8          sbit KEY1=P2^4;
   9          sbit KEY2=P2^5;
  10          sbit KEY3=P2^6;
  11          sbit KEY4=P2^7;
  12          
  13          unsigned char code LedChar[]={
  14                  0xC0, 0xF9, 0xA4, 0xB0, 0x99, 0x92, 0x82, 0xF8,
  15                  0x80, 0x90, 0x88, 0x83, 0xC6, 0xA1, 0x86, 0x8E
  16          };
  17          
  18          void main(){
  19   1              bit backup=1;
  20   1              unsigned char cnt=0;
  21   1      
  22   1              ENLED=0;
  23   1              ADDR3=1;
  24   1              ADDR2=0;
  25   1              ADDR1=0;
  26   1              ADDR0=0;
  27   1              P2=0xF7;
  28   1              P0=LedChar[cnt];
  29   1      
  30   1              while (1){
  31   2                      if (KEY4!=backup){
  32   3                              if (backup==0){
  33   4                                      cnt++;
  34   4                                      if (cnt>=10){
  35   5                                              cnt=0;
  36   5                                      }
  37   4                                      P0=LedChar[cnt];
  38   4                              }
  39   3                              backup=KEY4;
  40   3                      }
  41   2              }
  42   1      }


MODULE INFORMATION:   STATIC OVERLAYABLE
   CODE SIZE        =     56    ----
   CONSTANT SIZE    =     16    ----
   XDATA SIZE       =   ----    ----
   PDATA SIZE       =   ----    ----
   DATA SIZE        =   ----    ----
   IDATA SIZE       =   ----    ----
   BIT SIZE         =   ----       1
END OF MODULE INFORMATION.


C51 COMPILATION COMPLETE.  0 WARNING(S),  0 ERROR(S)
