C51 COMPILER V9.02   MOTORANDINTERRUPT                                                     04/10/2019 18:31:38 PAGE 1   


C51 COMPILER V9.02, COMPILATION OF MODULE MOTORANDINTERRUPT
OBJECT MODULE PLACED IN motorAndInterrupt.OBJ
COMPILER INVOKED BY: C:\Keil\C51\BIN\C51.EXE motorAndInterrupt.c BROWSE DEBUG OBJECTEXTEND

line level    source

   1          #include <reg52.h>
   2          
   3          sbit KEY_IN_1= P2^4;
   4          sbit KEY_IN_2= P2^5;
   5          sbit KEY_IN_3= P2^6;
   6          sbit KEY_IN_4= P2^7;
   7          sbit KEY_OUT_1=P2^3;
   8          sbit KEY_OUT_2=P2^2;
   9          sbit KEY_OUT_3=P2^1;
  10          sbit KEY_OUT_4=P2^0;
  11          
  12          unsigned char code KeyCodeMap[4][4]={
  13                  {0x31,0x32,0x33,0x26},
  14                  {0x34,0x35,0x36,0x25},
  15                  {0x37,0x38,0x39,0x28},
  16                  {0x30,0x1B,0x0D,0x27}
  17          };
  18          
  19          unsigned char KeySta[4][4]={
  20                  {1,1,1,1},{1,1,1,1},{1,1,1,1},{1,1,1,1} 
  21          };
  22          
  23          signed long beats=0;
  24          
  25          void KeyDriver();
  26          
  27          void main(){
  28   1              EA=1;
  29   1              TMOD=0x01;
  30   1              TH0=0xFC;
  31   1              TL0=0x67;
  32   1              ET0=1;
  33   1              TR0=1;
  34   1              while(1){
  35   2                      KeyDriver();
  36   2              }
  37   1      }
  38          
  39          
  40          void StartMotor(signed long angle){
  41   1              EA=0;
  42   1              beats=(angle*4076)/360;
  43   1              EA=1;
  44   1      }
  45          
  46          void StopMotor(){
  47   1              EA=0;
  48   1              beats=0;
  49   1              EA=1;
  50   1      }
  51          
  52          void KeyAction(unsigned char keycode){
  53   1              static bit dirMotor=0;
  54   1      
  55   1              if ((keycode>=0x30) && (keycode<=0x39)){
C51 COMPILER V9.02   MOTORANDINTERRUPT                                                     04/10/2019 18:31:38 PAGE 2   

  56   2                      if (dirMotor==0)
  57   2                              StartMotor(360*(keycode-0x30));
  58   2                      else
  59   2                              StartMotor(-360*(keycode-0x30));
  60   2              }else if (keycode==0x26){
  61   2                      dirMotor=0;
  62   2              }else if (keycode==0x28){
  63   2                      dirMotor=1;
  64   2              }else if (keycode==0x25){
  65   2                      StartMotor(90);
  66   2              }else if (keycode==0x27){
  67   2                      StartMotor(-90);
  68   2              }else if (keycode==0x1B){
  69   2                      StopMotor();
  70   2              }
  71   1      }
  72          
  73          void KeyDriver(){
  74   1              unsigned char i,j;
  75   1              static unsigned char backup[4][4]={
  76   1                      {1,1,1,1},{1,1,1,1},{1,1,1,1},{1,1,1,1}
  77   1              };
  78   1      
  79   1              for (i=0;i<4;i++){
  80   2                      for (i=0;i<4;i++){
  81   3                              if (backup[i][j]!=KeySta[i][j]){
  82   4                                      if (backup[i][j]!=0){
  83   5                                              KeyAction(KeyCodeMap[i][j]);
  84   5                                      }
  85   4                                      backup[i][j]=KeySta[i][j];
  86   4                              }
  87   3                      }
  88   2              }
  89   1      }
  90          
  91          
  92          void KeyScan(){
  93   1              unsigned char i;
  94   1              static unsigned char keyout=0;
  95   1              static unsigned char keybuf[4][4]={
  96   1                      {0xFF,0xFF,0xFF,0xFF},{0xFF,0xFF,0xFF,0xFF},
  97   1                      {0xFF,0xFF,0xFF,0xFF},{0xFF,0xFF,0xFF,0xFF}
  98   1              };
  99   1      
 100   1              keybuf[keyout][0]=(keybuf[keyout][0]<<1) | KEY_IN_1;
 101   1              keybuf[keyout][1]=(keybuf[keyout][1]<<1) | KEY_IN_2;
 102   1              keybuf[keyout][2]=(keybuf[keyout][2]<<1) | KEY_IN_3;
 103   1              keybuf[keyout][3]=(keybuf[keyout][3]<<1) | KEY_IN_4;
 104   1      
 105   1              for (i=0;i<4;i++){
 106   2                      if ((keybuf[keyout][i]&0x0F)==0x00){
 107   3                              KeySta[keyout][i]=0;
 108   3                      }else if ((keybuf[keyout][i]&0x0F)==0x0F){
 109   3                              KeySta[keyout][i]=1;
 110   3                      }
 111   2              }
 112   1      
 113   1              keyout++;
 114   1              keyout=keyout & 0x03;
 115   1              switch(keyout){
 116   2                      case 0: KEY_OUT_4=1;KEY_OUT_1=0; break;
 117   2                      case 1: KEY_OUT_1=1;KEY_OUT_2=0; break;
C51 COMPILER V9.02   MOTORANDINTERRUPT                                                     04/10/2019 18:31:38 PAGE 3   

 118   2                      case 2: KEY_OUT_2=1;KEY_OUT_3=0; break;
 119   2                      case 3: KEY_OUT_3=1;KEY_OUT_4=0; break;
 120   2                      default: break;
 121   2              }
 122   1      }
 123          
 124          void TurnMotor(){
 125   1              unsigned char tmp;
 126   1              static unsigned char index=0;
 127   1              unsigned char code BeatCode[8]={
 128   1                      0xE,0xC,0xD,0x9,0xB,0x3,0x7,0x6
 129   1              };
 130   1      
 131   1              if (beats!=0){
 132   2                      if (beats>0){
 133   3                              index++;
 134   3                              index=index& 0x07;
 135   3                              beats--;
 136   3                      }else{
 137   3                              index--;
 138   3                              index=index&0x07;
 139   3                              beats++;
 140   3                      }
 141   2                      tmp=P1;
 142   2                      tmp=tmp&0xF0;
 143   2                      tmp=tmp | BeatCode[index];
 144   2                      P1=tmp;
 145   2              }else{
 146   2                      P1=P1 | 0x0F;
 147   2              }
 148   1      }
 149          
 150          void InterruptTimer0() interrupt 1 {
 151   1              static bit div =0;
 152   1      
 153   1              TH0=0xFC;
 154   1              TL0=0x67;
 155   1              KeyScan();
 156   1      
 157   1              div=~div;
 158   1              if (div==1){
 159   2                      TurnMotor();
 160   2              }
 161   1      }


MODULE INFORMATION:   STATIC OVERLAYABLE
   CODE SIZE        =    715    ----
   CONSTANT SIZE    =     24    ----
   XDATA SIZE       =   ----    ----
   PDATA SIZE       =   ----    ----
   DATA SIZE        =     54       7
   IDATA SIZE       =   ----    ----
   BIT SIZE         =      2    ----
END OF MODULE INFORMATION.


C51 COMPILATION COMPLETE.  0 WARNING(S),  0 ERROR(S)
